{"numFailedTestSuites":1,"numFailedTests":0,"numPassedTestSuites":0,"numPassedTests":0,"numPendingTestSuites":0,"numPendingTests":0,"numRuntimeErrorTestSuites":1,"numTodoTests":0,"numTotalTestSuites":1,"numTotalTests":0,"openHandles":[],"snapshot":{"added":0,"didUpdate":false,"failure":false,"filesAdded":0,"filesRemoved":0,"filesRemovedList":[],"filesUnmatched":0,"filesUpdated":0,"matched":0,"total":0,"unchecked":0,"uncheckedKeysByFile":[],"unmatched":0,"updated":0},"startTime":1765554848674,"success":false,"testResults":[{"assertionResults":[],"coverage":{},"endTime":1765554850255,"message":"  \u001b[1m● \u001b[22mTest suite failed to run\n\n    TypeError: Cannot read properties of undefined (reading 'S')\n\n    \u001b[0m \u001b[90m 1 |\u001b[39m \u001b[36mimport\u001b[39m \u001b[33mReact\u001b[39m \u001b[36mfrom\u001b[39m \u001b[32m'react'\u001b[39m\u001b[33m;\u001b[39m\n    \u001b[31m\u001b[1m>\u001b[22m\u001b[39m\u001b[90m 2 |\u001b[39m \u001b[36mimport\u001b[39m renderer\u001b[33m,\u001b[39m { act } \u001b[36mfrom\u001b[39m \u001b[32m'react-test-renderer'\u001b[39m\u001b[33m;\u001b[39m\n     \u001b[90m   |\u001b[39m \u001b[31m\u001b[1m^\u001b[22m\u001b[39m\n     \u001b[90m 3 |\u001b[39m \u001b[36mimport\u001b[39m { \u001b[33mFinancialTab\u001b[39m } \u001b[36mfrom\u001b[39m \u001b[32m'../FinancialTab'\u001b[39m\u001b[33m;\u001b[39m\n     \u001b[90m 4 |\u001b[39m \u001b[36mimport\u001b[39m { financeService } \u001b[36mfrom\u001b[39m \u001b[32m'../../../services/financeService'\u001b[39m\u001b[33m;\u001b[39m\n     \u001b[90m 5 |\u001b[39m\u001b[0m\n\n      \u001b[2mat \u001b[22m../node_modules/react-test-renderer/cjs/react-test-renderer.development.js\u001b[2m:12754:58\u001b[22m\n      \u001b[2mat Object.<anonymous> (\u001b[22m../node_modules/react-test-renderer/cjs/react-test-renderer.development.js\u001b[2m:14717:5)\u001b[22m\n      \u001b[2mat Object.<anonymous> (\u001b[22m../node_modules/react-test-renderer/index.js\u001b[2m:6:20)\u001b[22m\n      \u001b[2mat Object.require (\u001b[22m\u001b[0m\u001b[36msrc/components/home/__tests__/FinancialTab.test.tsx\u001b[39m\u001b[0m\u001b[2m:2:1)\u001b[22m\n","name":"E:\\GitCloneProject\\boundary\\mobile\\src\\components\\home\\__tests__\\FinancialTab.test.tsx","startTime":1765554850255,"status":"failed","summary":""}],"wasInterrupted":false}
